In file included from [01m[K/home/x/Desktop/workspace/12-dof-robot/src/open_manipulator_applications/open_manipulator_x_master_slave/src/open_manipulator_x_master_slave.cpp:2[m[K:
[01m[K/home/x/Desktop/workspace/12-dof-robot/src/open_manipulator_applications/open_manipulator_x_master_slave/src/../include/open_manipulator_x_master_slave/open_manipulator_x_master_slave.hpp:1:1:[m[K [01;31m[Kerror: [m[Kâ€˜[01m[Kï»¿[m[Kâ€™ does not name a type
    1 | [01;31m[Kï»¿[m[Kï»¿/*******************************************************************************
      |  
In file included from [01m[K/usr/include/stdlib.h:395[m[K,
                 from [01m[K/usr/include/c++/11/cstdlib:75[m[K,
                 from [01m[K/usr/include/c++/11/ext/string_conversions.h:41[m[K,
                 from [01m[K/usr/include/c++/11/bits/basic_string.h:6608[m[K,
                 from [01m[K/usr/include/c++/11/string:55[m[K,
                 from [01m[K/usr/include/c++/11/stdexcept:39[m[K,
                 from [01m[K/usr/include/c++/11/system_error:41[m[K,
                 from [01m[K/usr/include/c++/11/mutex:42[m[K,
                 from [01m[K/usr/include/c++/11/future:38[m[K,
                 from [01m[K/opt/ros/humble/include/rclcpp/rclcpp/executors.hpp:18[m[K,
                 from [01m[K/opt/ros/humble/include/rclcpp/rclcpp/rclcpp.hpp:155[m[K,
                 from [01m[K/home/x/Desktop/workspace/12-dof-robot/src/open_manipulator_applications/open_manipulator_x_master_slave/src/../include/open_manipulator_x_master_slave/open_manipulator_x_master_slave.hpp:25[m[K,
                 from [01m[K/home/x/Desktop/workspace/12-dof-robot/src/open_manipulator_applications/open_manipulator_x_master_slave/src/open_manipulator_x_master_slave.cpp:2[m[K:
[01m[K/usr/include/x86_64-linux-gnu/sys/types.h:33:9:[m[K [01;31m[Kerror: [m[Kâ€˜[01m[K__u_char[m[Kâ€™ does not name a type; did you mean â€˜[01m[K__u_short[m[Kâ€™?
   33 | typedef [01;31m[K__u_char[m[K u_char;
      |         [01;31m[K^~~~~~~~[m[K
      |         [32m[K__u_short[m[K
gmake[2]: *** [CMakeFiles/open_manipulator_x_master_slave.dir/build.make:76: CMakeFiles/open_manipulator_x_master_slave.dir/src/open_manipulator_x_master_slave.cpp.o] Error 1
gmake[1]: *** [CMakeFiles/Makefile2:137: CMakeFiles/open_manipulator_x_master_slave.dir/all] Error 2
gmake: *** [Makefile:146: all] Error 2
